{"/Users/jules/Projects/ns-locked-in/interview-mini-app/src/components/AddressDisplay.tsx": {"path":"/Users/jules/Projects/ns-locked-in/interview-mini-app/src/components/AddressDisplay.tsx","statementMap":{"0":{"start":{"line":11,"column":17},"end":{"line":14,"column":null}},"1":{"start":{"line":12,"column":2},"end":{"line":14,"column":null}},"2":{"start":{"line":17,"column":18},"end":{"line":20,"column":null}},"3":{"start":{"line":18,"column":2},"end":{"line":20,"column":null}},"4":{"start":{"line":23,"column":25},"end":{"line":26,"column":null}},"5":{"start":{"line":24,"column":2},"end":{"line":26,"column":null}},"6":{"start":{"line":30,"column":26},"end":{"line":30,"column":null}},"7":{"start":{"line":32,"column":21},"end":{"line":40,"column":null}},"8":{"start":{"line":33,"column":4},"end":{"line":39,"column":null}},"9":{"start":{"line":34,"column":6},"end":{"line":34,"column":null}},"10":{"start":{"line":35,"column":6},"end":{"line":35,"column":null}},"11":{"start":{"line":36,"column":6},"end":{"line":36,"column":null}},"12":{"start":{"line":36,"column":23},"end":{"line":36,"column":41}},"13":{"start":{"line":38,"column":6},"end":{"line":38,"column":null}},"14":{"start":{"line":42,"column":26},"end":{"line":44,"column":null}},"15":{"start":{"line":43,"column":4},"end":{"line":43,"column":null}},"16":{"start":{"line":46,"column":2},"end":{"line":88,"column":null}}},"fnMap":{"0":{"name":"(anonymous_0)","decl":{"start":{"line":11,"column":17},"end":{"line":11,"column":null}},"loc":{"start":{"line":12,"column":2},"end":{"line":14,"column":null}},"line":12},"1":{"name":"(anonymous_1)","decl":{"start":{"line":17,"column":18},"end":{"line":17,"column":null}},"loc":{"start":{"line":18,"column":2},"end":{"line":20,"column":null}},"line":18},"2":{"name":"(anonymous_2)","decl":{"start":{"line":23,"column":25},"end":{"line":23,"column":null}},"loc":{"start":{"line":24,"column":2},"end":{"line":26,"column":null}},"line":24},"3":{"name":"AddressDisplay","decl":{"start":{"line":29,"column":16},"end":{"line":29,"column":31}},"loc":{"start":{"line":29,"column":74},"end":{"line":90,"column":null}},"line":29},"4":{"name":"(anonymous_4)","decl":{"start":{"line":32,"column":21},"end":{"line":32,"column":33}},"loc":{"start":{"line":32,"column":33},"end":{"line":40,"column":null}},"line":32},"5":{"name":"(anonymous_5)","decl":{"start":{"line":36,"column":17},"end":{"line":36,"column":23}},"loc":{"start":{"line":36,"column":23},"end":{"line":36,"column":41}},"line":36},"6":{"name":"(anonymous_6)","decl":{"start":{"line":42,"column":26},"end":{"line":42,"column":27}},"loc":{"start":{"line":42,"column":44},"end":{"line":44,"column":null}},"line":42}},"branchMap":{"0":{"loc":{"start":{"line":64,"column":19},"end":{"line":64,"column":null}},"type":"cond-expr","locations":[{"start":{"line":64,"column":28},"end":{"line":64,"column":40}},{"start":{"line":64,"column":40},"end":{"line":64,"column":null}}],"line":64},"1":{"loc":{"start":{"line":66,"column":13},"end":{"line":69,"column":null}},"type":"cond-expr","locations":[{"start":{"line":67,"column":14},"end":{"line":67,"column":null}},{"start":{"line":69,"column":14},"end":{"line":69,"column":null}}],"line":66}},"s":{"0":1,"1":14,"2":1,"3":3,"4":1,"5":17,"6":17,"7":17,"8":4,"9":4,"10":3,"11":3,"12":1,"13":1,"14":17,"15":17,"16":17},"f":{"0":14,"1":3,"2":17,"3":17,"4":4,"5":1,"6":17},"b":{"0":[3,14],"1":[3,14]},"meta":{"lastBranch":2,"lastFunction":7,"lastStatement":17,"seen":{"s:11:17:14:Infinity":0,"f:11:17:11:Infinity":0,"s:12:2:14:Infinity":1,"s:17:18:20:Infinity":2,"f:17:18:17:Infinity":1,"s:18:2:20:Infinity":3,"s:23:25:26:Infinity":4,"f:23:25:23:Infinity":2,"s:24:2:26:Infinity":5,"f:29:16:29:31":3,"s:30:26:30:Infinity":6,"s:32:21:40:Infinity":7,"f:32:21:32:33":4,"s:33:4:39:Infinity":8,"s:34:6:34:Infinity":9,"s:35:6:35:Infinity":10,"s:36:6:36:Infinity":11,"f:36:17:36:23":5,"s:36:23:36:41":12,"s:38:6:38:Infinity":13,"s:42:26:44:Infinity":14,"f:42:26:42:27":6,"s:43:4:43:Infinity":15,"s:46:2:88:Infinity":16,"b:64:28:64:40:64:40:64:Infinity":0,"b:67:14:67:Infinity:69:14:69:Infinity":1}}}
,"/Users/jules/Projects/ns-locked-in/interview-mini-app/src/components/ENSInput.tsx": {"path":"/Users/jules/Projects/ns-locked-in/interview-mini-app/src/components/ENSInput.tsx","statementMap":{"0":{"start":{"line":15,"column":13},"end":{"line":38,"column":null}},"1":{"start":{"line":17,"column":26},"end":{"line":22,"column":null}},"2":{"start":{"line":18,"column":6},"end":{"line":21,"column":null}},"3":{"start":{"line":19,"column":8},"end":{"line":19,"column":null}},"4":{"start":{"line":20,"column":8},"end":{"line":20,"column":null}},"5":{"start":{"line":24,"column":4},"end":{"line":35,"column":null}},"6":{"start":{"line":29,"column":25},"end":{"line":29,"column":null}},"7":{"start":{"line":40,"column":0},"end":{"line":40,"column":null}}},"fnMap":{"0":{"name":"(anonymous_0)","decl":{"start":{"line":16,"column":2},"end":{"line":16,"column":3}},"loc":{"start":{"line":16,"column":105},"end":{"line":37,"column":null}},"line":16},"1":{"name":"(anonymous_1)","decl":{"start":{"line":17,"column":26},"end":{"line":17,"column":27}},"loc":{"start":{"line":17,"column":72},"end":{"line":22,"column":null}},"line":17},"2":{"name":"(anonymous_2)","decl":{"start":{"line":29,"column":18},"end":{"line":29,"column":19}},"loc":{"start":{"line":29,"column":25},"end":{"line":29,"column":null}},"line":29}},"branchMap":{"0":{"loc":{"start":{"line":16,"column":32},"end":{"line":16,"column":50}},"type":"default-arg","locations":[{"start":{"line":16,"column":43},"end":{"line":16,"column":50}}],"line":16},"1":{"loc":{"start":{"line":16,"column":50},"end":{"line":16,"column":79}},"type":"default-arg","locations":[{"start":{"line":16,"column":64},"end":{"line":16,"column":79}}],"line":16},"2":{"loc":{"start":{"line":16,"column":79},"end":{"line":16,"column":94}},"type":"default-arg","locations":[{"start":{"line":16,"column":91},"end":{"line":16,"column":94}}],"line":16},"3":{"loc":{"start":{"line":18,"column":6},"end":{"line":21,"column":null}},"type":"if","locations":[{"start":{"line":18,"column":6},"end":{"line":21,"column":null}},{"start":{},"end":{}}],"line":18},"4":{"loc":{"start":{"line":18,"column":10},"end":{"line":18,"column":42}},"type":"binary-expr","locations":[{"start":{"line":18,"column":10},"end":{"line":18,"column":31}},{"start":{"line":18,"column":31},"end":{"line":18,"column":42}}],"line":18}},"s":{"0":1,"1":13,"2":9,"3":1,"4":1,"5":13,"6":4,"7":1},"f":{"0":13,"1":9,"2":4},"b":{"0":[13],"1":[13],"2":[13],"3":[1,8],"4":[9,2]},"meta":{"lastBranch":5,"lastFunction":3,"lastStatement":8,"seen":{"s:15:13:38:Infinity":0,"f:16:2:16:3":0,"b:16:43:16:50":0,"b:16:64:16:79":1,"b:16:91:16:94":2,"s:17:26:22:Infinity":1,"f:17:26:17:27":1,"b:18:6:21:Infinity:undefined:undefined:undefined:undefined":3,"s:18:6:21:Infinity":2,"b:18:10:18:31:18:31:18:42":4,"s:19:8:19:Infinity":3,"s:20:8:20:Infinity":4,"s:24:4:35:Infinity":5,"f:29:18:29:19":2,"s:29:25:29:Infinity":6,"s:40:0:40:Infinity":7}}}
,"/Users/jules/Projects/ns-locked-in/interview-mini-app/src/components/ENSResolver.tsx": {"path":"/Users/jules/Projects/ns-locked-in/interview-mini-app/src/components/ENSResolver.tsx","statementMap":{"0":{"start":{"line":11,"column":24},"end":{"line":11,"column":null}},"1":{"start":{"line":14,"column":19},"end":{"line":17,"column":null}},"2":{"start":{"line":15,"column":2},"end":{"line":17,"column":null}},"3":{"start":{"line":20,"column":17},"end":{"line":23,"column":null}},"4":{"start":{"line":21,"column":2},"end":{"line":23,"column":null}},"5":{"start":{"line":26,"column":18},"end":{"line":29,"column":null}},"6":{"start":{"line":27,"column":2},"end":{"line":29,"column":null}},"7":{"start":{"line":32,"column":25},"end":{"line":35,"column":null}},"8":{"start":{"line":33,"column":2},"end":{"line":35,"column":null}},"9":{"start":{"line":38,"column":21},"end":{"line":46,"column":null}},"10":{"start":{"line":39,"column":2},"end":{"line":46,"column":null}},"11":{"start":{"line":50,"column":34},"end":{"line":50,"column":null}},"12":{"start":{"line":51,"column":36},"end":{"line":51,"column":null}},"13":{"start":{"line":52,"column":44},"end":{"line":52,"column":null}},"14":{"start":{"line":55,"column":2},"end":{"line":59,"column":null}},"15":{"start":{"line":56,"column":4},"end":{"line":58,"column":null}},"16":{"start":{"line":57,"column":6},"end":{"line":57,"column":null}},"17":{"start":{"line":61,"column":23},"end":{"line":65,"column":null}},"18":{"start":{"line":62,"column":4},"end":{"line":64,"column":null}},"19":{"start":{"line":63,"column":6},"end":{"line":63,"column":null}},"20":{"start":{"line":67,"column":24},"end":{"line":72,"column":null}},"21":{"start":{"line":68,"column":4},"end":{"line":71,"column":null}},"22":{"start":{"line":69,"column":6},"end":{"line":69,"column":null}},"23":{"start":{"line":70,"column":6},"end":{"line":70,"column":null}},"24":{"start":{"line":74,"column":25},"end":{"line":77,"column":null}},"25":{"start":{"line":75,"column":4},"end":{"line":75,"column":null}},"26":{"start":{"line":76,"column":4},"end":{"line":76,"column":null}},"27":{"start":{"line":79,"column":21},"end":{"line":87,"column":null}},"28":{"start":{"line":80,"column":4},"end":{"line":86,"column":null}},"29":{"start":{"line":81,"column":6},"end":{"line":81,"column":null}},"30":{"start":{"line":82,"column":6},"end":{"line":82,"column":null}},"31":{"start":{"line":83,"column":6},"end":{"line":83,"column":null}},"32":{"start":{"line":83,"column":23},"end":{"line":83,"column":45}},"33":{"start":{"line":85,"column":6},"end":{"line":85,"column":null}},"34":{"start":{"line":89,"column":26},"end":{"line":91,"column":null}},"35":{"start":{"line":90,"column":4},"end":{"line":90,"column":null}},"36":{"start":{"line":93,"column":20},"end":{"line":93,"column":null}},"37":{"start":{"line":95,"column":2},"end":{"line":401,"column":null}},"38":{"start":{"line":135,"column":31},"end":{"line":135,"column":null}},"39":{"start":{"line":163,"column":14},"end":{"line":170,"column":null}},"40":{"start":{"line":165,"column":31},"end":{"line":165,"column":null}},"41":{"start":{"line":250,"column":37},"end":{"line":250,"column":null}},"42":{"start":{"line":264,"column":37},"end":{"line":264,"column":null}},"43":{"start":{"line":279,"column":37},"end":{"line":279,"column":null}}},"fnMap":{"0":{"name":"(anonymous_0)","decl":{"start":{"line":14,"column":19},"end":{"line":14,"column":null}},"loc":{"start":{"line":15,"column":2},"end":{"line":17,"column":null}},"line":15},"1":{"name":"(anonymous_1)","decl":{"start":{"line":20,"column":17},"end":{"line":20,"column":null}},"loc":{"start":{"line":21,"column":2},"end":{"line":23,"column":null}},"line":21},"2":{"name":"(anonymous_2)","decl":{"start":{"line":26,"column":18},"end":{"line":26,"column":null}},"loc":{"start":{"line":27,"column":2},"end":{"line":29,"column":null}},"line":27},"3":{"name":"(anonymous_3)","decl":{"start":{"line":32,"column":25},"end":{"line":32,"column":null}},"loc":{"start":{"line":33,"column":2},"end":{"line":35,"column":null}},"line":33},"4":{"name":"(anonymous_4)","decl":{"start":{"line":38,"column":21},"end":{"line":38,"column":null}},"loc":{"start":{"line":39,"column":2},"end":{"line":46,"column":null}},"line":39},"5":{"name":"ENSResolver","decl":{"start":{"line":49,"column":16},"end":{"line":49,"column":28}},"loc":{"start":{"line":49,"column":63},"end":{"line":403,"column":null}},"line":49},"6":{"name":"(anonymous_6)","decl":{"start":{"line":55,"column":12},"end":{"line":55,"column":18}},"loc":{"start":{"line":55,"column":18},"end":{"line":59,"column":5}},"line":55},"7":{"name":"(anonymous_7)","decl":{"start":{"line":61,"column":23},"end":{"line":61,"column":35}},"loc":{"start":{"line":61,"column":35},"end":{"line":65,"column":null}},"line":61},"8":{"name":"(anonymous_8)","decl":{"start":{"line":67,"column":24},"end":{"line":67,"column":31}},"loc":{"start":{"line":67,"column":76},"end":{"line":72,"column":null}},"line":67},"9":{"name":"(anonymous_9)","decl":{"start":{"line":74,"column":25},"end":{"line":74,"column":32}},"loc":{"start":{"line":74,"column":49},"end":{"line":77,"column":null}},"line":74},"10":{"name":"(anonymous_10)","decl":{"start":{"line":79,"column":21},"end":{"line":79,"column":28}},"loc":{"start":{"line":79,"column":60},"end":{"line":87,"column":null}},"line":79},"11":{"name":"(anonymous_11)","decl":{"start":{"line":83,"column":17},"end":{"line":83,"column":23}},"loc":{"start":{"line":83,"column":23},"end":{"line":83,"column":45}},"line":83},"12":{"name":"(anonymous_12)","decl":{"start":{"line":89,"column":26},"end":{"line":89,"column":27}},"loc":{"start":{"line":89,"column":47},"end":{"line":91,"column":null}},"line":89},"13":{"name":"(anonymous_13)","decl":{"start":{"line":135,"column":24},"end":{"line":135,"column":25}},"loc":{"start":{"line":135,"column":31},"end":{"line":135,"column":null}},"line":135},"14":{"name":"(anonymous_14)","decl":{"start":{"line":162,"column":33},"end":{"line":162,"column":34}},"loc":{"start":{"line":163,"column":14},"end":{"line":170,"column":null}},"line":163},"15":{"name":"(anonymous_15)","decl":{"start":{"line":165,"column":25},"end":{"line":165,"column":31}},"loc":{"start":{"line":165,"column":31},"end":{"line":165,"column":null}},"line":165},"16":{"name":"(anonymous_16)","decl":{"start":{"line":250,"column":31},"end":{"line":250,"column":37}},"loc":{"start":{"line":250,"column":37},"end":{"line":250,"column":null}},"line":250},"17":{"name":"(anonymous_17)","decl":{"start":{"line":264,"column":31},"end":{"line":264,"column":37}},"loc":{"start":{"line":264,"column":37},"end":{"line":264,"column":null}},"line":264},"18":{"name":"(anonymous_18)","decl":{"start":{"line":279,"column":31},"end":{"line":279,"column":37}},"loc":{"start":{"line":279,"column":37},"end":{"line":279,"column":null}},"line":279}},"branchMap":{"0":{"loc":{"start":{"line":50,"column":47},"end":{"line":50,"column":64}},"type":"binary-expr","locations":[{"start":{"line":50,"column":47},"end":{"line":50,"column":62}},{"start":{"line":50,"column":62},"end":{"line":50,"column":64}}],"line":50},"1":{"loc":{"start":{"line":56,"column":4},"end":{"line":58,"column":null}},"type":"if","locations":[{"start":{"line":56,"column":4},"end":{"line":58,"column":null}},{"start":{},"end":{}}],"line":56},"2":{"loc":{"start":{"line":62,"column":4},"end":{"line":64,"column":null}},"type":"if","locations":[{"start":{"line":62,"column":4},"end":{"line":64,"column":null}},{"start":{},"end":{}}],"line":62},"3":{"loc":{"start":{"line":62,"column":8},"end":{"line":62,"column":41}},"type":"binary-expr","locations":[{"start":{"line":62,"column":8},"end":{"line":62,"column":29}},{"start":{"line":62,"column":29},"end":{"line":62,"column":41}}],"line":62},"4":{"loc":{"start":{"line":68,"column":4},"end":{"line":71,"column":null}},"type":"if","locations":[{"start":{"line":68,"column":4},"end":{"line":71,"column":null}},{"start":{},"end":{}}],"line":68},"5":{"loc":{"start":{"line":93,"column":20},"end":{"line":93,"column":null}},"type":"binary-expr","locations":[{"start":{"line":93,"column":20},"end":{"line":93,"column":30}},{"start":{"line":93,"column":30},"end":{"line":93,"column":48}},{"start":{"line":93,"column":48},"end":{"line":93,"column":null}}],"line":93},"6":{"loc":{"start":{"line":144,"column":24},"end":{"line":144,"column":null}},"type":"binary-expr","locations":[{"start":{"line":144,"column":24},"end":{"line":144,"column":37}},{"start":{"line":144,"column":37},"end":{"line":144,"column":null}}],"line":144},"7":{"loc":{"start":{"line":148,"column":15},"end":{"line":154,"column":null}},"type":"cond-expr","locations":[{"start":{"line":149,"column":16},"end":{"line":149,"column":null}},{"start":{"line":151,"column":16},"end":{"line":154,"column":null}}],"line":148},"8":{"loc":{"start":{"line":177,"column":7},"end":{"line":189,"column":null}},"type":"binary-expr","locations":[{"start":{"line":177,"column":7},"end":{"line":177,"column":null}},{"start":{"line":178,"column":8},"end":{"line":189,"column":null}}],"line":177},"9":{"loc":{"start":{"line":193,"column":7},"end":{"line":386,"column":null}},"type":"binary-expr","locations":[{"start":{"line":193,"column":7},"end":{"line":193,"column":null}},{"start":{"line":194,"column":8},"end":{"line":386,"column":null}}],"line":193},"10":{"loc":{"start":{"line":254,"column":23},"end":{"line":254,"column":null}},"type":"cond-expr","locations":[{"start":{"line":254,"column":48},"end":{"line":254,"column":64}},{"start":{"line":254,"column":64},"end":{"line":254,"column":null}}],"line":254},"11":{"loc":{"start":{"line":268,"column":23},"end":{"line":268,"column":null}},"type":"cond-expr","locations":[{"start":{"line":268,"column":51},"end":{"line":268,"column":67}},{"start":{"line":268,"column":67},"end":{"line":268,"column":null}}],"line":268},"12":{"loc":{"start":{"line":283,"column":23},"end":{"line":283,"column":null}},"type":"cond-expr","locations":[{"start":{"line":283,"column":55},"end":{"line":283,"column":71}},{"start":{"line":283,"column":71},"end":{"line":283,"column":null}}],"line":283},"13":{"loc":{"start":{"line":390,"column":7},"end":{"line":399,"column":null}},"type":"binary-expr","locations":[{"start":{"line":390,"column":7},"end":{"line":390,"column":21}},{"start":{"line":390,"column":21},"end":{"line":390,"column":31}},{"start":{"line":390,"column":31},"end":{"line":390,"column":null}},{"start":{"line":391,"column":8},"end":{"line":399,"column":null}}],"line":390}},"s":{"0":1,"1":1,"2":77,"3":1,"4":12,"5":1,"6":0,"7":1,"8":20,"9":1,"10":78,"11":81,"12":81,"13":81,"14":81,"15":22,"16":0,"17":81,"18":4,"19":4,"20":81,"21":57,"22":1,"23":1,"24":81,"25":1,"26":1,"27":81,"28":0,"29":0,"30":0,"31":0,"32":0,"33":0,"34":81,"35":8,"36":81,"37":81,"38":56,"39":243,"40":1,"41":0,"42":0,"43":0},"f":{"0":77,"1":12,"2":0,"3":20,"4":78,"5":81,"6":22,"7":4,"8":57,"9":1,"10":0,"11":0,"12":8,"13":56,"14":243,"15":1,"16":0,"17":0,"18":0},"b":{"0":[81,81],"1":[0,22],"2":[4,0],"3":[4,4],"4":[1,56],"5":[81,5,4],"6":[81,77],"7":[4,77],"8":[81,3],"9":[81,4],"10":[0,4],"11":[0,4],"12":[0,4],"13":[81,77,74,70]},"meta":{"lastBranch":14,"lastFunction":19,"lastStatement":44,"seen":{"s:11:24:11:Infinity":0,"s:14:19:17:Infinity":1,"f:14:19:14:Infinity":0,"s:15:2:17:Infinity":2,"s:20:17:23:Infinity":3,"f:20:17:20:Infinity":1,"s:21:2:23:Infinity":4,"s:26:18:29:Infinity":5,"f:26:18:26:Infinity":2,"s:27:2:29:Infinity":6,"s:32:25:35:Infinity":7,"f:32:25:32:Infinity":3,"s:33:2:35:Infinity":8,"s:38:21:46:Infinity":9,"f:38:21:38:Infinity":4,"s:39:2:46:Infinity":10,"f:49:16:49:28":5,"s:50:34:50:Infinity":11,"b:50:47:50:62:50:62:50:64":0,"s:51:36:51:Infinity":12,"s:52:44:52:Infinity":13,"s:55:2:59:Infinity":14,"f:55:12:55:18":6,"b:56:4:58:Infinity:undefined:undefined:undefined:undefined":1,"s:56:4:58:Infinity":15,"s:57:6:57:Infinity":16,"s:61:23:65:Infinity":17,"f:61:23:61:35":7,"b:62:4:64:Infinity:undefined:undefined:undefined:undefined":2,"s:62:4:64:Infinity":18,"b:62:8:62:29:62:29:62:41":3,"s:63:6:63:Infinity":19,"s:67:24:72:Infinity":20,"f:67:24:67:31":8,"b:68:4:71:Infinity:undefined:undefined:undefined:undefined":4,"s:68:4:71:Infinity":21,"s:69:6:69:Infinity":22,"s:70:6:70:Infinity":23,"s:74:25:77:Infinity":24,"f:74:25:74:32":9,"s:75:4:75:Infinity":25,"s:76:4:76:Infinity":26,"s:79:21:87:Infinity":27,"f:79:21:79:28":10,"s:80:4:86:Infinity":28,"s:81:6:81:Infinity":29,"s:82:6:82:Infinity":30,"s:83:6:83:Infinity":31,"f:83:17:83:23":11,"s:83:23:83:45":32,"s:85:6:85:Infinity":33,"s:89:26:91:Infinity":34,"f:89:26:89:27":12,"s:90:4:90:Infinity":35,"s:93:20:93:Infinity":36,"b:93:20:93:30:93:30:93:48:93:48:93:Infinity":5,"s:95:2:401:Infinity":37,"f:135:24:135:25":13,"s:135:31:135:Infinity":38,"b:144:24:144:37:144:37:144:Infinity":6,"b:149:16:149:Infinity:151:16:154:Infinity":7,"f:162:33:162:34":14,"s:163:14:170:Infinity":39,"f:165:25:165:31":15,"s:165:31:165:Infinity":40,"b:177:7:177:Infinity:178:8:189:Infinity":8,"b:193:7:193:Infinity:194:8:386:Infinity":9,"f:250:31:250:37":16,"s:250:37:250:Infinity":41,"b:254:48:254:64:254:64:254:Infinity":10,"f:264:31:264:37":17,"s:264:37:264:Infinity":42,"b:268:51:268:67:268:67:268:Infinity":11,"f:279:31:279:37":18,"s:279:37:279:Infinity":43,"b:283:55:283:71:283:71:283:Infinity":12,"b:390:7:390:21:390:21:390:31:390:31:390:Infinity:391:8:399:Infinity":13}}}
,"/Users/jules/Projects/ns-locked-in/interview-mini-app/src/components/ErrorMessage.tsx": {"path":"/Users/jules/Projects/ns-locked-in/interview-mini-app/src/components/ErrorMessage.tsx","statementMap":{"0":{"start":{"line":7,"column":2},"end":{"line":17,"column":null}}},"fnMap":{"0":{"name":"ErrorMessage","decl":{"start":{"line":6,"column":16},"end":{"line":6,"column":29}},"loc":{"start":{"line":6,"column":61},"end":{"line":19,"column":null}},"line":6}},"branchMap":{},"s":{"0":7},"f":{"0":7},"b":{},"meta":{"lastBranch":0,"lastFunction":1,"lastStatement":1,"seen":{"f:6:16:6:29":0,"s:7:2:17:Infinity":0}}}
,"/Users/jules/Projects/ns-locked-in/interview-mini-app/src/hooks/useENSResolver.ts": {"path":"/Users/jules/Projects/ns-locked-in/interview-mini-app/src/hooks/useENSResolver.ts","statementMap":{"0":{"start":{"line":8,"column":26},"end":{"line":8,"column":null}},"1":{"start":{"line":9,"column":32},"end":{"line":9,"column":null}},"2":{"start":{"line":10,"column":24},"end":{"line":10,"column":null}},"3":{"start":{"line":12,"column":8},"end":{"line":38,"column":null}},"4":{"start":{"line":14,"column":4},"end":{"line":14,"column":null}},"5":{"start":{"line":15,"column":4},"end":{"line":15,"column":null}},"6":{"start":{"line":18,"column":10},"end":{"line":18,"column":null}},"7":{"start":{"line":19,"column":4},"end":{"line":22,"column":null}},"8":{"start":{"line":20,"column":6},"end":{"line":20,"column":null}},"9":{"start":{"line":21,"column":6},"end":{"line":21,"column":null}},"10":{"start":{"line":25,"column":4},"end":{"line":25,"column":null}},"11":{"start":{"line":26,"column":4},"end":{"line":37,"column":null}},"12":{"start":{"line":27,"column":31},"end":{"line":27,"column":null}},"13":{"start":{"line":28,"column":6},"end":{"line":28,"column":null}},"14":{"start":{"line":30,"column":6},"end":{"line":32,"column":null}},"15":{"start":{"line":31,"column":8},"end":{"line":31,"column":null}},"16":{"start":{"line":34,"column":6},"end":{"line":34,"column":null}},"17":{"start":{"line":36,"column":6},"end":{"line":36,"column":null}},"18":{"start":{"line":40,"column":8},"end":{"line":44,"column":null}},"19":{"start":{"line":41,"column":4},"end":{"line":41,"column":null}},"20":{"start":{"line":42,"column":4},"end":{"line":42,"column":null}},"21":{"start":{"line":43,"column":4},"end":{"line":43,"column":null}},"22":{"start":{"line":46,"column":2},"end":{"line":52,"column":null}}},"fnMap":{"0":{"name":"useENSResolver","decl":{"start":{"line":7,"column":16},"end":{"line":7,"column":33}},"loc":{"start":{"line":7,"column":33},"end":{"line":53,"column":null}},"line":7},"1":{"name":"(anonymous_1)","decl":{"start":{"line":12,"column":30},"end":{"line":12,"column":37}},"loc":{"start":{"line":12,"column":57},"end":{"line":38,"column":5}},"line":12},"2":{"name":"(anonymous_2)","decl":{"start":{"line":40,"column":28},"end":{"line":40,"column":34}},"loc":{"start":{"line":40,"column":34},"end":{"line":44,"column":5}},"line":40}},"branchMap":{"0":{"loc":{"start":{"line":19,"column":4},"end":{"line":22,"column":null}},"type":"if","locations":[{"start":{"line":19,"column":4},"end":{"line":22,"column":null}},{"start":{},"end":{}}],"line":19},"1":{"loc":{"start":{"line":20,"column":15},"end":{"line":20,"column":53}},"type":"binary-expr","locations":[{"start":{"line":20,"column":15},"end":{"line":20,"column":35}},{"start":{"line":20,"column":35},"end":{"line":20,"column":53}}],"line":20},"2":{"loc":{"start":{"line":30,"column":6},"end":{"line":32,"column":null}},"type":"if","locations":[{"start":{"line":30,"column":6},"end":{"line":32,"column":null}},{"start":{},"end":{}}],"line":30},"3":{"loc":{"start":{"line":31,"column":17},"end":{"line":31,"column":71}},"type":"binary-expr","locations":[{"start":{"line":31,"column":17},"end":{"line":31,"column":43}},{"start":{"line":31,"column":43},"end":{"line":31,"column":71}}],"line":31},"4":{"loc":{"start":{"line":34,"column":15},"end":{"line":34,"column":71}},"type":"cond-expr","locations":[{"start":{"line":34,"column":38},"end":{"line":34,"column":52}},{"start":{"line":34,"column":52},"end":{"line":34,"column":71}}],"line":34}},"s":{"0":30,"1":30,"2":30,"3":30,"4":11,"5":11,"6":11,"7":11,"8":2,"9":2,"10":9,"11":9,"12":9,"13":7,"14":7,"15":3,"16":2,"17":9,"18":30,"19":1,"20":1,"21":1,"22":30},"f":{"0":30,"1":11,"2":1},"b":{"0":[2,9],"1":[2,1],"2":[3,4],"3":[3,1],"4":[1,1]},"meta":{"lastBranch":5,"lastFunction":3,"lastStatement":23,"seen":{"f:7:16:7:33":0,"s:8:26:8:Infinity":0,"s:9:32:9:Infinity":1,"s:10:24:10:Infinity":2,"s:12:8:38:Infinity":3,"f:12:30:12:37":1,"s:14:4:14:Infinity":4,"s:15:4:15:Infinity":5,"s:18:10:18:Infinity":6,"b:19:4:22:Infinity:undefined:undefined:undefined:undefined":0,"s:19:4:22:Infinity":7,"s:20:6:20:Infinity":8,"b:20:15:20:35:20:35:20:53":1,"s:21:6:21:Infinity":9,"s:25:4:25:Infinity":10,"s:26:4:37:Infinity":11,"s:27:31:27:Infinity":12,"s:28:6:28:Infinity":13,"b:30:6:32:Infinity:undefined:undefined:undefined:undefined":2,"s:30:6:32:Infinity":14,"s:31:8:31:Infinity":15,"b:31:17:31:43:31:43:31:71":3,"s:34:6:34:Infinity":16,"b:34:38:34:52:34:52:34:71":4,"s:36:6:36:Infinity":17,"s:40:8:44:Infinity":18,"f:40:28:40:34":2,"s:41:4:41:Infinity":19,"s:42:4:42:Infinity":20,"s:43:4:43:Infinity":21,"s:46:2:52:Infinity":22}}}
,"/Users/jules/Projects/ns-locked-in/interview-mini-app/src/lib/ens.ts": {"path":"/Users/jules/Projects/ns-locked-in/interview-mini-app/src/lib/ens.ts","statementMap":{"0":{"start":{"line":9,"column":2},"end":{"line":39,"column":null}},"1":{"start":{"line":11,"column":10},"end":{"line":11,"column":null}},"2":{"start":{"line":14,"column":20},"end":{"line":16,"column":null}},"3":{"start":{"line":18,"column":4},"end":{"line":25,"column":null}},"4":{"start":{"line":19,"column":6},"end":{"line":24,"column":null}},"5":{"start":{"line":27,"column":4},"end":{"line":31,"column":null}},"6":{"start":{"line":33,"column":4},"end":{"line":38,"column":null}}},"fnMap":{"0":{"name":"resolveENSName","decl":{"start":{"line":6,"column":22},"end":{"line":6,"column":null}},"loc":{"start":{"line":8,"column":32},"end":{"line":40,"column":null}},"line":8}},"branchMap":{"0":{"loc":{"start":{"line":18,"column":4},"end":{"line":25,"column":null}},"type":"if","locations":[{"start":{"line":18,"column":4},"end":{"line":25,"column":null}},{"start":{},"end":{}}],"line":18},"1":{"loc":{"start":{"line":37,"column":13},"end":{"line":37,"column":null}},"type":"cond-expr","locations":[{"start":{"line":37,"column":38},"end":{"line":37,"column":54}},{"start":{"line":37,"column":54},"end":{"line":37,"column":null}}],"line":37}},"s":{"0":10,"1":10,"2":10,"3":5,"4":2,"5":3,"6":5},"f":{"0":10},"b":{"0":[2,3],"1":[4,1]},"meta":{"lastBranch":2,"lastFunction":1,"lastStatement":7,"seen":{"f:6:22:6:Infinity":0,"s:9:2:39:Infinity":0,"s:11:10:11:Infinity":1,"s:14:20:16:Infinity":2,"b:18:4:25:Infinity:undefined:undefined:undefined:undefined":0,"s:18:4:25:Infinity":3,"s:19:6:24:Infinity":4,"s:27:4:31:Infinity":5,"s:33:4:38:Infinity":6,"b:37:38:37:54:37:54:37:Infinity":1}}}
,"/Users/jules/Projects/ns-locked-in/interview-mini-app/src/lib/validation.ts": {"path":"/Users/jules/Projects/ns-locked-in/interview-mini-app/src/lib/validation.ts","statementMap":{"0":{"start":{"line":5,"column":29},"end":{"line":12,"column":null}},"1":{"start":{"line":18,"column":2},"end":{"line":32,"column":null}},"2":{"start":{"line":19,"column":4},"end":{"line":19,"column":null}},"3":{"start":{"line":20,"column":4},"end":{"line":20,"column":null}},"4":{"start":{"line":22,"column":4},"end":{"line":27,"column":null}},"5":{"start":{"line":23,"column":6},"end":{"line":26,"column":null}},"6":{"start":{"line":28,"column":4},"end":{"line":31,"column":null}},"7":{"start":{"line":37,"column":2},"end":{"line":37,"column":null}}},"fnMap":{"0":{"name":"validateENSName","decl":{"start":{"line":14,"column":16},"end":{"line":14,"column":32}},"loc":{"start":{"line":17,"column":2},"end":{"line":33,"column":null}},"line":17},"1":{"name":"isLikelyENSName","decl":{"start":{"line":36,"column":16},"end":{"line":36,"column":32}},"loc":{"start":{"line":36,"column":55},"end":{"line":38,"column":null}},"line":36}},"branchMap":{"0":{"loc":{"start":{"line":22,"column":4},"end":{"line":27,"column":null}},"type":"if","locations":[{"start":{"line":22,"column":4},"end":{"line":27,"column":null}},{"start":{},"end":{}}],"line":22}},"s":{"0":1,"1":17,"2":17,"3":17,"4":10,"5":10,"6":0,"7":9},"f":{"0":17,"1":9},"b":{"0":[10,0]},"meta":{"lastBranch":1,"lastFunction":2,"lastStatement":8,"seen":{"s:5:29:12:Infinity":0,"f:14:16:14:32":0,"s:18:2:32:Infinity":1,"s:19:4:19:Infinity":2,"s:20:4:20:Infinity":3,"b:22:4:27:Infinity:undefined:undefined:undefined:undefined":0,"s:22:4:27:Infinity":4,"s:23:6:26:Infinity":5,"s:28:4:31:Infinity":6,"f:36:16:36:32":1,"s:37:2:37:Infinity":7}}}
}
